C:\Program Files (x86)\Microsoft Visual Studio\2017\Enterprise\Common7\IDE\VC\VCTargets\Microsoft.CppBuild.targets(376,5): warning MSB8004: Intermediate 目錄結尾不是結尾斜線。這個建置執行個體將會加入此斜線，因為這樣才能正確評估 Intermediate 目錄。
C:\Program Files (x86)\Microsoft Visual Studio\2017\Enterprise\Common7\IDE\VC\VCTargets\Microsoft.CppBuild.targets(377,5): warning MSB8004: Output 目錄結尾不是結尾斜線。這個建置執行個體將會加入此斜線，因為這樣才能正確評估 Output 目錄。
  function_1.c
c:\users\user\desktop\20181012\source\function_1.c(8): warning C4101: 'temp2': 未參考的區域變數
c:\users\user\desktop\20181012\source\function_1.c(8): warning C4101: 'temp': 未參考的區域變數
  function_2.c
c:\users\user\desktop\20181012\source\function_2.c(8): warning C4101: 'temp2': 未參考的區域變數
c:\users\user\desktop\20181012\source\function_2.c(8): warning C4101: 'temp': 未參考的區域變數
  function_3.c
  function_4.c
  function_5.c
c:\users\user\desktop\20181012\source\function_5.c(8): warning C4101: 'temp2': 未參考的區域變數
  Source.c
  正在產生程式碼...
c:\users\user\desktop\20181012\source\function_5.c(35): warning C4716: 'Han_Xin_5': 必須傳回值
c:\users\user\desktop\20181012\source\function_4.c(40): warning C4716: 'Han_Xin_4': 必須傳回值
c:\users\user\desktop\20181012\source\function_3.c(38): warning C4716: 'Han_Xin_3': 必須傳回值
c:\users\user\desktop\20181012\source\function_2.c(27): warning C4716: 'Han_Xin_2': 必須傳回值
c:\users\user\desktop\20181012\source\function_1.c(27): warning C4716: 'Han_Xin_1': 必須傳回值
  20181012.vcxproj -> C:\Users\User\Desktop\20181012\20181012\20181012\..\..\temp\bug\20181012.exe
